mode: set
github.com/Pshimaf-Git/gotop/cmd/gotop/main.go:16.13,20.16 3 0
github.com/Pshimaf-Git/gotop/cmd/gotop/main.go:20.16,22.3 1 0
github.com/Pshimaf-Git/gotop/cmd/gotop/main.go:24.2,30.12 5 0
github.com/Pshimaf-Git/gotop/cmd/gotop/main.go:30.12,34.3 3 0
github.com/Pshimaf-Git/gotop/cmd/gotop/main.go:36.2,41.16 4 0
github.com/Pshimaf-Git/gotop/cmd/gotop/main.go:41.16,43.3 1 0
github.com/Pshimaf-Git/gotop/cmd/gotop/main.go:45.2,45.31 1 0
github.com/Pshimaf-Git/gotop/internal/config/config.go:21.43,23.16 2 1
github.com/Pshimaf-Git/gotop/internal/config/config.go:23.16,24.37 1 1
github.com/Pshimaf-Git/gotop/internal/config/config.go:24.37,26.4 1 1
github.com/Pshimaf-Git/gotop/internal/config/config.go:27.3,27.65 1 0
github.com/Pshimaf-Git/gotop/internal/config/config.go:30.2,35.51 4 1
github.com/Pshimaf-Git/gotop/internal/config/config.go:35.51,37.3 1 1
github.com/Pshimaf-Git/gotop/internal/config/config.go:39.2,39.17 1 1
github.com/Pshimaf-Git/gotop/internal/config/config.go:47.31,53.2 4 0
github.com/Pshimaf-Git/gotop/internal/ui/app.go:17.19,21.2 1 0
github.com/Pshimaf-Git/gotop/internal/ui/app.go:23.105,28.68 3 0
github.com/Pshimaf-Git/gotop/internal/ui/app.go:28.68,29.35 1 0
github.com/Pshimaf-Git/gotop/internal/ui/app.go:29.35,31.38 2 0
github.com/Pshimaf-Git/gotop/internal/ui/app.go:31.38,33.5 1 0
github.com/Pshimaf-Git/gotop/internal/ui/app.go:35.3,35.15 1 0
github.com/Pshimaf-Git/gotop/internal/ui/app.go:38.2,38.12 1 0
github.com/Pshimaf-Git/gotop/internal/ui/app.go:38.12,42.7 3 0
github.com/Pshimaf-Git/gotop/internal/ui/app.go:42.7,43.11 1 0
github.com/Pshimaf-Git/gotop/internal/ui/app.go:44.22,45.11 1 0
github.com/Pshimaf-Git/gotop/internal/ui/app.go:47.36,48.12 1 0
github.com/Pshimaf-Git/gotop/internal/ui/app.go:48.12,50.6 1 0
github.com/Pshimaf-Git/gotop/internal/ui/app.go:51.5,51.36 1 0
github.com/Pshimaf-Git/gotop/internal/ui/app.go:53.26,54.34 1 0
github.com/Pshimaf-Git/gotop/internal/ui/app.go:54.34,56.6 1 0
github.com/Pshimaf-Git/gotop/internal/ui/app.go:61.2,61.20 1 0
github.com/Pshimaf-Git/gotop/internal/ui/app.go:64.22,66.2 1 0
github.com/Pshimaf-Git/gotop/internal/ui/table.go:48.54,53.29 2 0
github.com/Pshimaf-Git/gotop/internal/ui/table.go:53.29,55.3 1 0
github.com/Pshimaf-Git/gotop/internal/ui/table.go:57.2,57.53 1 0
github.com/Pshimaf-Git/gotop/internal/ui/table.go:57.53,59.3 1 0
github.com/Pshimaf-Git/gotop/internal/ui/table.go:59.8,61.3 1 0
github.com/Pshimaf-Git/gotop/internal/ui/table.go:63.2,71.11 3 0
github.com/Pshimaf-Git/gotop/internal/ui/table.go:74.48,75.28 1 0
github.com/Pshimaf-Git/gotop/internal/ui/table.go:75.28,77.3 1 0
github.com/Pshimaf-Git/gotop/internal/ui/table.go:77.8,80.3 2 0
github.com/Pshimaf-Git/gotop/internal/ui/table.go:83.37,84.25 1 0
github.com/Pshimaf-Git/gotop/internal/ui/table.go:84.25,86.3 1 0
github.com/Pshimaf-Git/gotop/internal/ui/table.go:86.8,88.3 1 0
github.com/Pshimaf-Git/gotop/internal/ui/table.go:91.49,93.2 1 0
github.com/Pshimaf-Git/gotop/internal/ui/table.go:95.40,96.35 1 0
github.com/Pshimaf-Git/gotop/internal/ui/table.go:96.35,100.29 2 0
github.com/Pshimaf-Git/gotop/internal/ui/table.go:100.29,102.28 2 0
github.com/Pshimaf-Git/gotop/internal/ui/table.go:102.28,104.5 1 0
github.com/Pshimaf-Git/gotop/internal/ui/table.go:106.4,106.32 1 0
github.com/Pshimaf-Git/gotop/internal/ui/table.go:109.3,109.33 1 0
github.com/Pshimaf-Git/gotop/internal/ui/table.go:114.77,117.34 2 0
github.com/Pshimaf-Git/gotop/internal/ui/table.go:117.34,119.3 1 0
github.com/Pshimaf-Git/gotop/internal/ui/table.go:121.2,121.48 1 0
github.com/Pshimaf-Git/gotop/internal/ui/table.go:121.48,126.26 4 0
github.com/Pshimaf-Git/gotop/internal/ui/table.go:127.12,128.24 1 0
github.com/Pshimaf-Git/gotop/internal/ui/table.go:129.13,130.26 1 0
github.com/Pshimaf-Git/gotop/internal/ui/table.go:131.13,132.60 1 0
github.com/Pshimaf-Git/gotop/internal/ui/table.go:133.12,134.38 1 0
github.com/Pshimaf-Git/gotop/internal/ui/table.go:135.15,136.34 1 0
github.com/Pshimaf-Git/gotop/internal/ui/table.go:137.13,138.68 1 0
github.com/Pshimaf-Git/gotop/internal/ui/table.go:139.19,140.72 1 0
github.com/Pshimaf-Git/gotop/internal/ui/table.go:141.15,142.64 1 0
github.com/Pshimaf-Git/gotop/internal/ui/table.go:143.11,144.24 1 0
github.com/Pshimaf-Git/gotop/internal/ui/table.go:147.3,147.27 1 0
github.com/Pshimaf-Git/gotop/internal/ui/table.go:147.27,149.4 1 0
github.com/Pshimaf-Git/gotop/internal/ui/table.go:151.3,151.14 1 0
github.com/Pshimaf-Git/gotop/internal/ui/table.go:154.2,154.50 1 0
github.com/Pshimaf-Git/gotop/internal/ui/table.go:154.50,156.3 1 0
github.com/Pshimaf-Git/gotop/internal/ui/table.go:158.2,159.38 2 0
github.com/Pshimaf-Git/gotop/internal/ui/table.go:159.38,170.3 2 0
github.com/Pshimaf-Git/gotop/internal/ui/table.go:172.2,172.19 1 0
github.com/Pshimaf-Git/gotop/internal/ui/table.go:175.86,178.2 2 0
github.com/Pshimaf-Git/gotop/internal/ui/table.go:180.87,183.2 2 0
github.com/Pshimaf-Git/gotop/internal/ui/table.go:185.87,188.2 2 0
github.com/Pshimaf-Git/gotop/internal/ui/table.go:190.89,193.2 2 0
github.com/Pshimaf-Git/gotop/internal/ui/table.go:195.91,198.2 2 0
github.com/Pshimaf-Git/gotop/internal/ui/table.go:200.93,204.2 2 0
github.com/Pshimaf-Git/gotop/internal/ui/table.go:206.93,209.2 2 0
github.com/Pshimaf-Git/gotop/internal/ui/table.go:211.91,214.2 2 0
github.com/Pshimaf-Git/gotop/internal/ui/table.go:216.32,218.2 1 0
github.com/Pshimaf-Git/gotop/internal/process/collector.go:10.89,13.12 2 1
github.com/Pshimaf-Git/gotop/internal/process/collector.go:13.12,16.7 2 1
github.com/Pshimaf-Git/gotop/internal/process/collector.go:16.7,17.11 1 1
github.com/Pshimaf-Git/gotop/internal/process/collector.go:18.22,19.11 1 1
github.com/Pshimaf-Git/gotop/internal/process/collector.go:20.12,20.12 0 1
github.com/Pshimaf-Git/gotop/internal/process/collector.go:23.4,24.18 2 1
github.com/Pshimaf-Git/gotop/internal/process/collector.go:24.18,26.13 2 0
github.com/Pshimaf-Git/gotop/internal/process/collector.go:29.4,29.35 1 1
github.com/Pshimaf-Git/gotop/internal/process/collector.go:29.35,30.12 1 1
github.com/Pshimaf-Git/gotop/internal/process/collector.go:31.23,32.12 1 1
github.com/Pshimaf-Git/gotop/internal/process/collector.go:34.41,34.41 0 1
github.com/Pshimaf-Git/gotop/internal/process/collector.go:38.4,38.24 1 0
github.com/Pshimaf-Git/gotop/internal/process/collector.go:42.2,42.13 1 1
github.com/Pshimaf-Git/gotop/internal/process/model.go:31.77,33.16 2 1
github.com/Pshimaf-Git/gotop/internal/process/model.go:33.16,35.3 1 1
github.com/Pshimaf-Git/gotop/internal/process/model.go:37.2,38.16 2 1
github.com/Pshimaf-Git/gotop/internal/process/model.go:38.16,40.3 1 1
github.com/Pshimaf-Git/gotop/internal/process/model.go:42.2,44.34 3 1
github.com/Pshimaf-Git/gotop/internal/process/model.go:44.34,46.3 1 0
github.com/Pshimaf-Git/gotop/internal/process/model.go:48.2,49.16 2 1
github.com/Pshimaf-Git/gotop/internal/process/model.go:49.16,51.3 1 1
github.com/Pshimaf-Git/gotop/internal/process/model.go:53.2,54.16 2 1
github.com/Pshimaf-Git/gotop/internal/process/model.go:54.16,56.3 1 0
github.com/Pshimaf-Git/gotop/internal/process/model.go:57.2,60.16 3 1
github.com/Pshimaf-Git/gotop/internal/process/model.go:60.16,62.3 1 1
github.com/Pshimaf-Git/gotop/internal/process/model.go:64.2,65.16 2 1
github.com/Pshimaf-Git/gotop/internal/process/model.go:65.16,67.3 1 1
github.com/Pshimaf-Git/gotop/internal/process/model.go:68.2,79.3 2 1
github.com/Pshimaf-Git/gotop/internal/process/model.go:82.40,87.2 1 1
github.com/Pshimaf-Git/gotop/internal/process/model.go:89.30,91.2 1 0
